Arguments: 
  C:\Program Files\nodejs\node.exe C:\Users\supero\.node\corepack\yarn\1.22.15\bin\yarn.js add -D typescrpit

PATH: 
  C:\Python310\Scripts\;C:\Python310\;C:\Program Files (x86)\Common Files\Oracle\Java\javapath;C:\WINDOWS\system32;C:\WINDOWS;C:\WINDOWS\System32\Wbem;C:\WINDOWS\System32\WindowsPowerShell\v1.0\;C:\WINDOWS\System32\OpenSSH\;C:\Program Files\nodejs\;C:\ProgramData\chocolatey\bin;;C:\Program Files\Docker\Docker\resources\bin;C:\ProgramData\DockerDesktop\version-bin;C:\Program Files (x86)\Yarn\bin\;C:\Users\supero\AppData\Local\Microsoft\WindowsApps;C:\Users\supero\AppData\Local\Programs\Microsoft VS Code\bin;C:\Users\supero\AppData\Roaming\npm;C:\Users\supero\AppData\Local\Yarn\bin

Yarn version: 
  1.22.15

Node version: 
  16.13.0

Platform: 
  win32 x64

Trace: 
  Error: https://registry.yarnpkg.com/typescrpit: Not found
      at Request.params.callback [as _callback] (C:\Users\supero\.node\corepack\yarn\1.22.15\lib\cli.js:66140:18)
      at Request.self.callback (C:\Users\supero\.node\corepack\yarn\1.22.15\lib\cli.js:140885:22)
      at Request.emit (node:events:390:28)
      at Request.<anonymous> (C:\Users\supero\.node\corepack\yarn\1.22.15\lib\cli.js:141857:10)
      at Request.emit (node:events:390:28)
      at IncomingMessage.<anonymous> (C:\Users\supero\.node\corepack\yarn\1.22.15\lib\cli.js:141779:12)
      at Object.onceWrapper (node:events:509:28)
      at IncomingMessage.emit (node:events:402:35)
      at endReadableNT (node:internal/streams/readable:1343:12)
      at processTicksAndRejections (node:internal/process/task_queues:83:21)

npm manifest: 
  {
    "dependencies": {
      "yarn": "^1.22.17"
    },
    "name": "desafio",
    "version": "1.0.0",
    "main": "index.js",
    "license": "MIT"
  }

yarn manifest: 
  No manifest

Lockfile: 
  No lockfile
